Tue Aug 15 04:24:22 ICT 2023 : Apache Derby Network Server - 10.11.1.2 - (1629631) started and ready to accept connections on port 1527
----------------------------------------------------------------
Tue Aug 15 04:24:23 ICT 2023:
Booting Derby version The Apache Software Foundation - Apache Derby - 10.11.1.2 - (1629631): instance a816c00e-0189-f5ef-85cd-000006c6ebc0 
on database directory C:\Users\Eater\Documents\NetBeansProjects\Query2Pdf\Q2P with class loader sun.misc.Launcher$AppClassLoader@6f94fa3e 
Loaded from file:/C:/Program%20Files/Java/jdk1.8.0_111/db/lib/derby.jar
java.vendor=Oracle Corporation
java.runtime.version=1.8.0_111-b14
user.dir=C:\Program Files\Java\jdk1.8.0_111\db
os.name=Windows 10
os.arch=amd64
os.version=10.0
derby.system.home=C:\Users\Eater\Documents\NetBeansProjects\Query2Pdf
Database Class Loader started - derby.database.classpath=''
----------------------------------------------------------------
Tue Aug 15 04:39:52 ICT 2023: Shutting down Derby engine
----------------------------------------------------------------
Tue Aug 15 04:39:52 ICT 2023:
Shutting down instance a816c00e-0189-f5ef-85cd-000006c6ebc0 on database directory C:\Users\Eater\Documents\NetBeansProjects\Query2Pdf\Q2P with class loader sun.misc.Launcher$AppClassLoader@6f94fa3e 
----------------------------------------------------------------
